[16/Jan/2013:23:01:35] ENGINE Bus STARTING
[16/Jan/2013:23:01:35] ENGINE Started monitor thread '_TimeoutMonitor'.
[16/Jan/2013:23:01:45] ENGINE Error in 'start' listener <bound method Server.start of <cherrypy._cpserver.Server object at 0x1020acb50>>
Traceback (most recent call last):
  File "/Library/Python/2.7/site-packages/cherrypy/process/wspbus.py", line 197, in publish
    output.append(listener(*args, **kwargs))
  File "/Library/Python/2.7/site-packages/cherrypy/_cpserver.py", line 151, in start
    ServerAdapter.start(self)
  File "/Library/Python/2.7/site-packages/cherrypy/process/servers.py", line 167, in start
    wait_for_free_port(*self.bind_addr)
  File "/Library/Python/2.7/site-packages/cherrypy/process/servers.py", line 410, in wait_for_free_port
    raise IOError("Port %r not free on %r" % (port, host))
IOError: Port 8080 not free on 'localhost'

[16/Jan/2013:23:01:45] ENGINE Shutting down due to error in start listener:
Traceback (most recent call last):
  File "/Library/Python/2.7/site-packages/cherrypy/process/wspbus.py", line 235, in start
    self.publish('start')
  File "/Library/Python/2.7/site-packages/cherrypy/process/wspbus.py", line 215, in publish
    raise exc
ChannelFailures: IOError("Port 8080 not free on 'localhost'",)

[16/Jan/2013:23:01:45] ENGINE Bus STOPPING
[16/Jan/2013:23:01:45] ENGINE HTTP Server cherrypy._cpwsgi_server.CPWSGIServer(('localhost', 8080)) already shut down
[16/Jan/2013:23:01:45] ENGINE Stopped thread '_TimeoutMonitor'.
[16/Jan/2013:23:01:45] ENGINE Bus STOPPED
[16/Jan/2013:23:01:45] ENGINE Bus EXITING
[16/Jan/2013:23:01:45] ENGINE Bus EXITED
[22/Jan/2013:20:15:57] ENGINE Bus STARTING
[22/Jan/2013:20:15:57] ENGINE Started monitor thread '_TimeoutMonitor'.
[22/Jan/2013:20:15:59] ENGINE Serving on localhost:8080
[22/Jan/2013:20:15:59] ENGINE Bus STARTED
[22/Jan/2013:20:41:33] ENGINE Bus STARTING
[22/Jan/2013:20:41:33] ENGINE Started monitor thread '_TimeoutMonitor'.
[22/Jan/2013:20:41:38] ENGINE Error in 'start' listener <bound method Server.start of <cherrypy._cpserver.Server object at 0x1040a7b90>>
Traceback (most recent call last):
  File "/Library/Python/2.7/site-packages/cherrypy/process/wspbus.py", line 197, in publish
    output.append(listener(*args, **kwargs))
  File "/Library/Python/2.7/site-packages/cherrypy/_cpserver.py", line 151, in start
    ServerAdapter.start(self)
  File "/Library/Python/2.7/site-packages/cherrypy/process/servers.py", line 167, in start
    wait_for_free_port(*self.bind_addr)
  File "/Library/Python/2.7/site-packages/cherrypy/process/servers.py", line 410, in wait_for_free_port
    raise IOError("Port %r not free on %r" % (port, host))
IOError: Port 8080 not free on 'localhost'

[22/Jan/2013:20:41:38] ENGINE Shutting down due to error in start listener:
Traceback (most recent call last):
  File "/Library/Python/2.7/site-packages/cherrypy/process/wspbus.py", line 235, in start
    self.publish('start')
  File "/Library/Python/2.7/site-packages/cherrypy/process/wspbus.py", line 215, in publish
    raise exc
ChannelFailures: IOError("Port 8080 not free on 'localhost'",)

[22/Jan/2013:20:41:38] ENGINE Bus STOPPING
[22/Jan/2013:20:41:38] ENGINE HTTP Server cherrypy._cpwsgi_server.CPWSGIServer(('localhost', 8080)) already shut down
[22/Jan/2013:20:41:38] ENGINE Stopped thread '_TimeoutMonitor'.
[22/Jan/2013:20:41:38] ENGINE Bus STOPPED
[22/Jan/2013:20:41:38] ENGINE Bus EXITING
[22/Jan/2013:20:41:38] ENGINE Bus EXITED
[22/Jan/2013:20:42:14] ENGINE Bus STARTING
[22/Jan/2013:20:42:14] ENGINE Started monitor thread '_TimeoutMonitor'.
[22/Jan/2013:20:42:26] ENGINE Bus STARTING
[22/Jan/2013:20:42:26] ENGINE Started monitor thread '_TimeoutMonitor'.
[22/Jan/2013:20:42:26] ENGINE Serving on localhost:8080
[22/Jan/2013:20:42:26] ENGINE Bus STARTED
